============================= test session starts ==============================
platform linux -- Python 3.6.7, pytest-5.2.1, py-1.8.0, pluggy-0.13.0
rootdir: /root/tools
collected 1 item

manalyze/test_manalyze.py F                                              [100%]

=================================== FAILURES ===================================
__________________________________ test_help ___________________________________

    def test_help():
        tool = dockertools.tool_with_file(__file__)
        out = tool.run_get_string([])
>       assert out.startswith(
            "[*] Warning: Could not read configuration file (/etc/manalyze/manalyze.conf).\nUsage:\n  -h [ --help ]")
E       assert False
E        +  where False = <built-in method startswith of str object at 0x1c61800>('[*] Warning: Could not read configuration file (/etc/manalyze/manalyze.conf).\nUsage:\n  -h [ --help ]')
E        +    where <built-in method startswith of str object at 0x1c61800> = "Usage:\n  -h [ --help ]         Displays this message.\n  -v [ --version ]      Prints the program's version.\n  --pe...res/ --plugins=peid,clamav --dump all\n[*] Warning: Could not read configuration file (/etc/manalyze/manalyze.conf).\n".startswith

manalyze/test_manalyze.py:7: AssertionError
======================== 1 failed in 308.26s (0:05:08) =========================
